2020-11-03 10:07:55,181 [DEBUG] py4...: ǀǀǀOK[200], content: {
 "data": [ {
  "SUID": 1416
}
],
 "errors":[]
}
2020-11-03 10:07:55,197 [DEBUG] py4...: ǀǀǀReturning 'commands_post': [{'SUID': 1416}]
2020-11-03 10:07:55,198 [DEBUG] py4...: ǀǀReturning 'get_network_suid': 1416
2020-11-03 10:07:55,198 [DEBUG] py4...: ǀǀCalling get_table_column_types('node', namespace='default', network=None, base_url='http://localhost:1234/v1')
2020-11-03 10:07:55,198 [DEBUG] py4...: ǀǀǀCalling get_network_suid(None, base_url='http://localhost:1234/v1')
2020-11-03 10:07:55,198 [DEBUG] py4...: ǀǀǀǀCalling commands_post('network get attribute network="current" namespace="default" columnList="SUID"', base_url='http://localhost:1234/v1')
2020-11-03 10:07:55,207 [DEBUG] py4...: ǀǀǀǀHTTP POST(http://localhost:1234/v1/commands/network/get%20attribute), json: {'network': 'current', 'namespace': 'default', 'columnList': 'SUID'}
2020-11-03 10:07:55,228 [DEBUG] py4...: ǀǀǀǀOK[200], content: {
 "data": [ {
  "SUID": 1416
}
],
 "errors":[]
}
2020-11-03 10:07:55,228 [DEBUG] py4...: ǀǀǀǀReturning 'commands_post': [{'SUID': 1416}]
2020-11-03 10:07:55,229 [DEBUG] py4...: ǀǀǀReturning 'get_network_suid': 1416
2020-11-03 10:07:55,229 [DEBUG] py4...: ǀǀǀCalling cyrest_get('networks/1416/tables/defaultnode/columns', base_url='http://localhost:1234/v1')
2020-11-03 10:07:55,229 [DEBUG] py4...: ǀǀǀHTTP GET(http://localhost:1234/v1/networks/1416/tables/defaultnode/columns)
2020-11-03 10:07:55,245 [DEBUG] py4...: ǀǀǀOK[200], content: [{"name":"SUID","type":"Long","immutable":true,"primaryKey":true},{"name":"shared name","type":"String","immutable":true,"primaryKey":false},{"name":"id","type":"String","immutable":false,"primaryKey":false},{"name":"name","type":"String","immutable":true,"primaryKey":false},{"name":"selected","type":"Boolean","immutable":true,"primaryKey":false},{"name":"MCODE::Score (1)","type":"Double","immutable":false,"primaryKey":false},{"name":"MCODE::Node Status (1)","type":"String","immutable":false,"primaryKey":false},{"name":"MCODE::Clusters (1)","type":"List","listType":"String","immutable":false,"primaryKey":false}]
2020-11-03 10:07:55,245 [DEBUG] py4...: ǀǀǀReturning 'cyrest_get': [{'name': 'SUID', 'type': 'Long', 'immutable': True, 'primaryKey': True}, {'name': 'shared name', 'type': 'String', 'immutable': True, 'primaryKey': False}, {'name': 'id', 'type': 'String', 'immutable': False, 'primaryKey': False}, {'name': 'name', 'type': 'String', 'immutable': True, 'primaryKey': False}, {'name': 'selected', 'type': 'Boolean', 'immutable': True, 'primaryKey': False}, {'name': 'MCODE::Score (1)', 'type': 'Double', 'immutable': False, 'primaryKey': False}, {'name': 'MCODE::Node Status (1)', 'type': 'String', 'immutable': False, 'primaryKey': False}, {'name': 'MCODE::Clusters (1)', 'type': 'List', 'listType': 'String', 'immutable': False, 'primaryKey': False}]
2020-11-03 10:07:55,245 [DEBUG] py4...: ǀǀReturning 'get_table_column_types': {'SUID': 'Long', 'shared name': 'String', 'id': 'String', 'name': 'String', 'selected': 'Boolean', 'MCODE::Score (1)': 'Double', 'MCODE::Node Status (1)': 'String', 'MCODE::Clusters (1)': 'List'}
2020-11-03 10:07:55,246 [DEBUG] py4...: ǀǀCalling cyrest_get('networks/1416/tables/defaultnode/columns/SUID', base_url='http://localhost:1234/v1')
2020-11-03 10:07:55,246 [DEBUG] py4...: ǀǀHTTP GET(http://localhost:1234/v1/networks/1416/tables/defaultnode/columns/SUID)
2020-11-03 10:07:55,262 [DEBUG] py4...: ǀǀOK[200], content: {"name":"SUID","values":[227,241,242]}
2020-11-03 10:07:55,263 [DEBUG] py4...: ǀǀReturning 'cyrest_get': {'name': 'SUID', 'values': [227, 241, 242]}
2020-11-03 10:07:55,267 [DEBUG] py4...: ǀǀCalling cyrest_get('networks/1416/tables/defaultnode/columns/SUID', base_url='http://localhost:1234/v1')
2020-11-03 10:07:55,269 [DEBUG] py4...: ǀǀHTTP GET(http://localhost:1234/v1/networks/1416/tables/defaultnode/columns/SUID)
2020-11-03 10:07:55,286 [DEBUG] py4...: ǀǀOK[200], content: {"name":"SUID","values":[227,241,242]}
2020-11-03 10:07:55,286 [DEBUG] py4...: ǀǀReturning 'cyrest_get': {'name': 'SUID', 'values': [227, 241, 242]}
2020-11-03 10:07:55,287 [DEBUG] py4...: ǀǀCalling cyrest_get('networks/1416/tables/defaultnode/columns/shared name', base_url='http://localhost:1234/v1')
2020-11-03 10:07:55,287 [DEBUG] py4...: ǀǀHTTP GET(http://localhost:1234/v1/networks/1416/tables/defaultnode/columns/shared%20name)
2020-11-03 10:07:55,306 [DEBUG] py4...: ǀǀOK[200], content: {"name":"shared name","values":["DNAJC6","RBBP8","TPST1"]}
2020-11-03 10:07:55,306 [DEBUG] py4...: ǀǀReturning 'cyrest_get': {'name': 'shared name', 'values': ['DNAJC6', 'RBBP8', 'TPST1']}
2020-11-03 10:07:55,306 [DEBUG] py4...: ǀǀCalling cyrest_get('networks/1416/tables/defaultnode/columns/id', base_url='http://localhost:1234/v1')
2020-11-03 10:07:55,307 [DEBUG] py4...: ǀǀHTTP GET(http://localhost:1234/v1/networks/1416/tables/defaultnode/columns/id)
2020-11-03 10:07:55,325 [DEBUG] py4...: ǀǀOK[200], content: {"name":"id","values":["DNAJC6","RBBP8","TPST1"]}
2020-11-03 10:07:55,325 [DEBUG] py4...: ǀǀReturning 'cyrest_get': {'name': 'id', 'values': ['DNAJC6', 'RBBP8', 'TPST1']}
2020-11-03 10:07:55,326 [DEBUG] py4...: ǀǀCalling cyrest_get('networks/1416/tables/defaultnode/columns/name', base_url='http://localhost:1234/v1')
2020-11-03 10:07:55,326 [DEBUG] py4...: ǀǀHTTP GET(http://localhost:1234/v1/networks/1416/tables/defaultnode/columns/name)
2020-11-03 10:07:55,343 [DEBUG] py4...: ǀǀOK[200], content: {"name":"name","values":["DNAJC6","RBBP8","TPST1"]}
2020-11-03 10:07:55,343 [DEBUG] py4...: ǀǀReturning 'cyrest_get': {'name': 'name', 'values': ['DNAJC6', 'RBBP8', 'TPST1']}
2020-11-03 10:07:55,344 [DEBUG] py4...: ǀǀCalling cyrest_get('networks/1416/tables/defaultnode/columns/selected', base_url='http://localhost:1234/v1')
2020-11-03 10:07:55,344 [DEBUG] py4...: ǀǀHTTP GET(http://localhost:1234/v1/networks/1416/tables/defaultnode/columns/selected)
2020-11-03 10:07:55,361 [DEBUG] py4...: ǀǀOK[200], content: {"name":"selected","values":[false,false,false]}
2020-11-03 10:07:55,362 [DEBUG] py4...: ǀǀReturning 'cyrest_get': {'name': 'selected', 'values': [False, False, False]}
2020-11-03 10:07:55,362 [DEBUG] py4...: ǀǀCalling cyrest_get('networks/1416/tables/defaultnode/columns/MCODE::Score (1)', base_url='http://localhost:1234/v1')
2020-11-03 10:07:55,363 [DEBUG] py4...: ǀǀHTTP GET(http://localhost:1234/v1/networks/1416/tables/defaultnode/columns/MCODE%3A%3AScore%20%281%29)
2020-11-03 10:07:55,383 [DEBUG] py4...: ǀǀOK[200], content: {"name":"MCODE::Score (1)","values":[2.2545454545454544,1.8214285714285712,2.1999999999999997]}
2020-11-03 10:07:55,384 [DEBUG] py4...: ǀǀReturning 'cyrest_get': {'name': 'MCODE::Score (1)', 'values': [2.2545454545454544, 1.8214285714285712, 2.1999999999999997]}
2020-11-03 10:07:55,384 [DEBUG] py4...: ǀǀCalling cyrest_get('networks/1416/tables/defaultnode/columns/MCODE::Node Status (1)', base_url='http://localhost:1234/v1')
2020-11-03 10:07:55,385 [DEBUG] py4...: ǀǀHTTP GET(http://localhost:1234/v1/networks/1416/tables/defaultnode/columns/MCODE%3A%3ANode%20Status%20%281%29)
2020-11-03 10:07:55,402 [DEBUG] py4...: ǀǀOK[200], content: {"name":"MCODE::Node Status (1)","values":["Seed","Clustered","Clustered"]}
2020-11-03 10:07:55,403 [DEBUG] py4...: ǀǀReturning 'cyrest_get': {'name': 'MCODE::Node Status (1)', 'values': ['Seed', 'Clustered', 'Clustered']}
2020-11-03 10:07:55,404 [DEBUG] py4...: ǀǀCalling cyrest_get('networks/1416/tables/defaultnode/columns/MCODE::Clusters (1)', base_url='http://localhost:1234/v1')
2020-11-03 10:07:55,404 [DEBUG] py4...: ǀǀHTTP GET(http://localhost:1234/v1/networks/1416/tables/defaultnode/columns/MCODE%3A%3AClusters%20%281%29)
2020-11-03 10:07:55,422 [DEBUG] py4...: ǀǀOK[200], content: {"name":"MCODE::Clusters (1)","values":[["Cluster 0"],["Cluster 0"],["Cluster 0"]]}
2020-11-03 10:07:55,422 [DEBUG] py4...: ǀǀReturning 'cyrest_get': {'name': 'MCODE::Clusters (1)', 'values': [['Cluster 0'], ['Cluster 0'], ['Cluster 0']]}
2020-11-03 10:07:55,447 [DEBUG] py4...: ǀReturning 'get_table_columns':     SUID shared name      id    name selected MCODE::Score (1) MCODE::Node Status (1) MCODE::Clusters (1)
227  227      DNAJC6  DNAJC6  DNAJC6    False          2.25455                   Seed         [Cluster 0]
241  241       RBBP8   RBBP8   RBBP8    False          1.82143              Clustered         [Cluster 0]
242  242       TPST1   TPST1   TPST1    False              2.2              Clustered         [Cluster 0]
2020-11-03 10:07:55,451 [DEBUG] py4...: ǀCalling export_image('uploads/cytoscape/network/a0e151b5e6b9451abccd5d1e4b542f7b')
2020-11-03 10:07:55,451 [DEBUG] py4...: ǀǀCalling get_network_view_suid(None, base_url='http://localhost:1234/v1')
2020-11-03 10:07:55,451 [DEBUG] py4...: ǀǀǀCalling get_network_views(None, base_url='http://localhost:1234/v1')
2020-11-03 10:07:55,452 [DEBUG] py4...: ǀǀǀǀCalling get_network_suid(None, base_url='http://localhost:1234/v1')
2020-11-03 10:07:55,452 [DEBUG] py4...: ǀǀǀǀǀCalling commands_post('network get attribute network="current" namespace="default" columnList="SUID"', base_url='http://localhost:1234/v1')
2020-11-03 10:07:55,452 [DEBUG] py4...: ǀǀǀǀǀHTTP POST(http://localhost:1234/v1/commands/network/get%20attribute), json: {'network': 'current', 'namespace': 'default', 'columnList': 'SUID'}
2020-11-03 10:07:55,472 [DEBUG] py4...: ǀǀǀǀǀOK[200], content: {
 "data": [ {
  "SUID": 1416
}
],
 "errors":[]
}
2020-11-03 10:07:55,473 [DEBUG] py4...: ǀǀǀǀǀReturning 'commands_post': [{'SUID': 1416}]
2020-11-03 10:07:55,473 [DEBUG] py4...: ǀǀǀǀReturning 'get_network_suid': 1416
2020-11-03 10:07:55,473 [DEBUG] py4...: ǀǀǀǀCalling cyrest_get('networks/1416/views', base_url='http://localhost:1234/v1')
2020-11-03 10:07:55,473 [DEBUG] py4...: ǀǀǀǀHTTP GET(http://localhost:1234/v1/networks/1416/views)
2020-11-03 10:07:55,488 [DEBUG] py4...: ǀǀǀǀOK[200], content: [1426]
2020-11-03 10:07:55,488 [DEBUG] py4...: ǀǀǀǀReturning 'cyrest_get': [1426]
2020-11-03 10:07:55,488 [DEBUG] py4...: ǀǀǀReturning 'get_network_views': [1426]
2020-11-03 10:07:55,488 [DEBUG] py4...: ǀǀReturning 'get_network_view_suid': 1426
2020-11-03 10:07:55,489 [DEBUG] py4...: ǀǀCalling commands_post('view export OutputFile="C:\\Users\\yd\\projects\\differential-coexpression-network-analysis\\uploads\\cytoscape\\network\\a0e151b5e6b9451abccd5d1e4b542f7b.png" options="PNG" view="SUID:1426"', base_url='http://localhost:1234/v1')
2020-11-03 10:07:55,489 [DEBUG] py4...: ǀǀHTTP POST(http://localhost:1234/v1/commands/view/export), json: {'OutputFile': 'C:\\Users\\yd\\projects\\differential-coexpression-network-analysis\\uploads\\cytoscape\\network\\a0e151b5e6b9451abccd5d1e4b542f7b.png', 'options': 'PNG', 'view': 'SUID:1426'}
2020-11-03 10:07:55,554 [DEBUG] py4...: ǀǀOK[200], content: {
 "data": {"file":"C:\\Users\\yd\\projects\\differential-coexpression-network-analysis\\uploads\\cytoscape\\network\\a0e151b5e6b9451abccd5d1e4b542f7b.png"},
 "errors":[]
}
2020-11-03 10:07:55,555 [DEBUG] py4...: ǀǀReturning 'commands_post': {'file': 'C:\\Users\\yd\\projects\\differential-coexpression-network-analysis\\uploads\\cytoscape\\network\\a0e151b5e6b9451abccd5d1e4b542f7b.png'}
2020-11-03 10:07:55,555 [DEBUG] py4...: ǀReturning 'export_image': {'file': 'C:\\Users\\yd\\projects\\differential-coexpression-network-analysis\\uploads\\cytoscape\\network\\a0e151b5e6b9451abccd5d1e4b542f7b.png'}
2020-11-03 10:07:55,555 [DEBUG] py4...: ǀCalling commands_post('mcode view id=1 rank=7')
2020-11-03 10:07:55,555 [DEBUG] py4...: ǀHTTP POST(http://localhost:1234/v1/commands/mcode/view), json: {'id': '1', 'rank': '7'}
2020-11-03 10:07:55,628 [DEBUG] py4...: ǀOK[200], content: {
 "data": { "view": 1443 },
 "errors":[]
}
2020-11-03 10:07:55,628 [DEBUG] py4...: ǀReturning 'commands_post': {'view': 1443}
2020-11-03 10:07:55,629 [DEBUG] py4...: ǀCalling layout_network('hierarchical')
2020-11-03 10:07:55,629 [DEBUG] py4...: ǀǀCalling get_network_suid(None, base_url='http://localhost:1234/v1')
2020-11-03 10:07:55,629 [DEBUG] py4...: ǀǀǀCalling commands_post('network get attribute network="current" namespace="default" columnList="SUID"', base_url='http://localhost:1234/v1')
2020-11-03 10:07:55,629 [DEBUG] py4...: ǀǀǀHTTP POST(http://localhost:1234/v1/commands/network/get%20attribute), json: {'network': 'current', 'namespace': 'default', 'columnList': 'SUID'}
2020-11-03 10:07:55,652 [DEBUG] py4...: ǀǀǀOK[200], content: {
 "data": [ {
  "SUID": 1433
}
],
 "errors":[]
}
2020-11-03 10:07:55,652 [DEBUG] py4...: ǀǀǀReturning 'commands_post': [{'SUID': 1433}]
2020-11-03 10:07:55,653 [DEBUG] py4...: ǀǀReturning 'get_network_suid': 1433
2020-11-03 10:07:55,653 [DEBUG] py4...: ǀǀCalling commands_post('layout hierarchical network="SUID:1433"', base_url='http://localhost:1234/v1')
2020-11-03 10:07:55,653 [DEBUG] py4...: ǀǀHTTP POST(http://localhost:1234/v1/commands/layout/hierarchical), json: {'network': 'SUID:1433'}
2020-11-03 10:07:55,684 [DEBUG] py4...: ǀǀOK[200], content: {
 "data": {},
 "errors":[]
}
2020-11-03 10:07:55,684 [DEBUG] py4...: ǀǀReturning 'commands_post': {}
2020-11-03 10:07:55,684 [DEBUG] py4...: ǀReturning 'layout_network': {}
2020-11-03 10:07:55,684 [DEBUG] py4...: ǀCalling get_node_count()
2020-11-03 10:07:55,685 [DEBUG] py4...: ǀǀCalling get_network_suid(None, base_url='http://localhost:1234/v1')
2020-11-03 10:07:55,685 [DEBUG] py4...: ǀǀǀCalling commands_post('network get attribute network="current" namespace="default" columnList="SUID"', base_url='http://localhost:1234/v1')
2020-11-03 10:07:55,685 [DEBUG] py4...: ǀǀǀHTTP POST(http://localhost:1234/v1/commands/network/get%20attribute), json: {'network': 'current', 'namespace': 'default', 'columnList': 'SUID'}
2020-11-03 10:07:55,708 [DEBUG] py4...: ǀǀǀOK[200], content: {
 "data": [ {
  "SUID": 1433
}
],
 "errors":[]
}
2020-11-03 10:07:55,708 [DEBUG] py4...: ǀǀǀReturning 'commands_post': [{'SUID': 1433}]
2020-11-03 10:07:55,708 [DEBUG] py4...: ǀǀReturning 'get_network_suid': 1433
2020-11-03 10:07:55,709 [DEBUG] py4...: ǀǀCalling cyrest_get('networks/1433/nodes/count', base_url='http://localhost:1234/v1')
2020-11-03 10:07:55,709 [DEBUG] py4...: ǀǀHTTP GET(http://localhost:1234/v1/networks/1433/nodes/count)
2020-11-03 10:07:55,724 [DEBUG] py4...: ǀǀOK[200], content: {"count":7}
2020-11-03 10:07:55,725 [DEBUG] py4...: ǀǀReturning 'cyrest_get': {'count': 7}
2020-11-03 10:07:55,725 [DEBUG] py4...: ǀReturning 'get_node_count': 7
2020-11-03 10:07:55,725 [DEBUG] py4...: ǀCalling get_edge_count()
2020-11-03 10:07:55,725 [DEBUG] py4...: ǀǀCalling get_network_suid(None, base_url='http://localhost:1234/v1')
2020-11-03 10:07:55,726 [DEBUG] py4...: ǀǀǀCalling commands_post('network get attribute network="current" namespace="default" columnList="SUID"', base_url='http://localhost:1234/v1')
2020-11-03 10:07:55,726 [DEBUG] py4...: ǀǀǀHTTP POST(http://localhost:1234/v1/commands/network/get%20attribute), json: {'network': 'current', 'namespace': 'default', 'columnList': 'SUID'}
2020-11-03 10:07:55,747 [DEBUG] py4...: ǀǀǀOK[200], content: {
 "data": [ {
  "SUID": 1433
}
],
 "errors":[]
}
2020-11-03 10:07:55,747 [DEBUG] py4...: ǀǀǀReturning 'commands_post': [{'SUID': 1433}]
2020-11-03 10:07:55,748 [DEBUG] py4...: ǀǀReturning 'get_network_suid': 1433
2020-11-03 10:07:55,748 [DEBUG] py4...: ǀǀCalling cyrest_get('networks/1433/edges/count', base_url='http://localhost:1234/v1')
2020-11-03 10:07:55,748 [DEBUG] py4...: ǀǀHTTP GET(http://localhost:1234/v1/networks/1433/edges/count)
2020-11-03 10:07:55,764 [DEBUG] py4...: ǀǀOK[200], content: {"count":8}
2020-11-03 10:07:55,765 [DEBUG] py4...: ǀǀReturning 'cyrest_get': {'count': 8}
2020-11-03 10:07:55,765 [DEBUG] py4...: ǀReturning 'get_edge_count': 8
2020-11-03 10:07:55,765 [DEBUG] py4...: ǀCalling get_table_columns()
2020-11-03 10:07:55,765 [DEBUG] py4...: ǀǀCalling get_network_suid(None, 'http://localhost:1234/v1')
2020-11-03 10:07:55,766 [DEBUG] py4...: ǀǀǀCalling commands_post('network get attribute network="current" namespace="default" columnList="SUID"', base_url='http://localhost:1234/v1')
2020-11-03 10:07:55,766 [DEBUG] py4...: ǀǀǀHTTP POST(http://localhost:1234/v1/commands/network/get%20attribute), json: {'network': 'current', 'namespace': 'default', 'columnList': 'SUID'}
2020-11-03 10:07:55,786 [DEBUG] py4...: ǀǀǀOK[200], content: {
 "data": [ {
  "SUID": 1433
}
],
 "errors":[]
}
2020-11-03 10:07:55,787 [DEBUG] py4...: ǀǀǀReturning 'commands_post': [{'SUID': 1433}]
2020-11-03 10:07:55,787 [DEBUG] py4...: ǀǀReturning 'get_network_suid': 1433
2020-11-03 10:07:55,787 [DEBUG] py4...: ǀǀCalling get_table_column_types('node', namespace='default', network=None, base_url='http://localhost:1234/v1')
2020-11-03 10:07:55,787 [DEBUG] py4...: ǀǀǀCalling get_network_suid(None, base_url='http://localhost:1234/v1')
2020-11-03 10:07:55,788 [DEBUG] py4...: ǀǀǀǀCalling commands_post('network get attribute network="current" namespace="default" columnList="SUID"', base_url='http://localhost:1234/v1')
2020-11-03 10:07:55,788 [DEBUG] py4...: ǀǀǀǀHTTP POST(http://localhost:1234/v1/commands/network/get%20attribute), json: {'network': 'current', 'namespace': 'default', 'columnList': 'SUID'}
2020-11-03 10:07:55,808 [DEBUG] py4...: ǀǀǀǀOK[200], content: {
 "data": [ {
  "SUID": 1433
}
],
 "errors":[]
}
2020-11-03 10:07:55,809 [DEBUG] py4...: ǀǀǀǀReturning 'commands_post': [{'SUID': 1433}]
2020-11-03 10:07:55,809 [DEBUG] py4...: ǀǀǀReturning 'get_network_suid': 1433
2020-11-03 10:07:55,809 [DEBUG] py4...: ǀǀǀCalling cyrest_get('networks/1433/tables/defaultnode/columns', base_url='http://localhost:1234/v1')
2020-11-03 10:07:55,809 [DEBUG] py4...: ǀǀǀHTTP GET(http://localhost:1234/v1/networks/1433/tables/defaultnode/columns)
2020-11-03 10:07:55,826 [DEBUG] py4...: ǀǀǀOK[200], content: [{"name":"SUID","type":"Long","immutable":true,"primaryKey":true},{"name":"shared name","type":"String","immutable":true,"primaryKey":false},{"name":"id","type":"String","immutable":false,"primaryKey":false},{"name":"name","type":"String","immutable":true,"primaryKey":false},{"name":"selected","type":"Boolean","immutable":true,"primaryKey":false},{"name":"MCODE::Score (1)","type":"Double","immutable":false,"primaryKey":false},{"name":"MCODE::Node Status (1)","type":"String","immutable":false,"primaryKey":false},{"name":"MCODE::Clusters (1)","type":"List","listType":"String","immutable":false,"primaryKey":false}]
2020-11-03 10:07:55,827 [DEBUG] py4...: ǀǀǀReturning 'cyrest_get': [{'name': 'SUID', 'type': 'Long', 'immutable': True, 'primaryKey': True}, {'name': 'shared name', 'type': 'String', 'immutable': True, 'primaryKey': False}, {'name': 'id', 'type': 'String', 'immutable': False, 'primaryKey': False}, {'name': 'name', 'type': 'String', 'immutable': True, 'primaryKey': False}, {'name': 'selected', 'type': 'Boolean', 'immutable': True, 'primaryKey': False}, {'name': 'MCODE::Score (1)', 'type': 'Double', 'immutable': False, 'primaryKey': False}, {'name': 'MCODE::Node Status (1)', 'type': 'String', 'immutable': False, 'primaryKey': False}, {'name': 'MCODE::Clusters (1)', 'type': 'List', 'listType': 'String', 'immutable': False, 'primaryKey': False}]
2020-11-03 10:07:55,827 [DEBUG] py4...: ǀǀReturning 'get_table_column_types': {'SUID': 'Long', 'shared name': 'String', 'id': 'String', 'name': 'String', 'selected': 'Boolean', 'MCODE::Score (1)': 'Double', 'MCODE::Node Status (1)': 'String', 'MCODE::Clusters (1)': 'List'}
2020-11-03 10:07:55,827 [DEBUG] py4...: ǀǀCalling cyrest_get('networks/1433/tables/defaultnode/columns/SUID', base_url='http://localhost:1234/v1')
2020-11-03 10:07:55,827 [DEBUG] py4...: ǀǀHTTP GET(http://localhost:1234/v1/networks/1433/tables/defaultnode/columns/SUID)
2020-11-03 10:07:55,843 [DEBUG] py4...: ǀǀOK[200], content: {"name":"SUID","values":[267,275,198,208,213,235,246]}
2020-11-03 10:07:55,843 [DEBUG] py4...: ǀǀReturning 'cyrest_get': {'name': 'SUID', 'values': [267, 275, 198, 208, 213, 235, 246]}
2020-11-03 10:07:55,849 [DEBUG] py4...: ǀǀCalling cyrest_get('networks/1433/tables/defaultnode/columns/SUID', base_url='http://localhost:1234/v1')
2020-11-03 10:07:55,850 [DEBUG] py4...: ǀǀHTTP GET(http://localhost:1234/v1/networks/1433/tables/defaultnode/columns/SUID)
2020-11-03 10:07:55,866 [DEBUG] py4...: ǀǀOK[200], content: {"name":"SUID","values":[267,275,198,208,213,235,246]}
2020-11-03 10:07:55,866 [DEBUG] py4...: ǀǀReturning 'cyrest_get': {'name': 'SUID', 'values': [267, 275, 198, 208, 213, 235, 246]}
2020-11-03 10:07:55,867 [DEBUG] py4...: ǀǀCalling cyrest_get('networks/1433/tables/defaultnode/columns/shared name', base_url='http://localhost:1234/v1')
2020-11-03 10:07:55,867 [DEBUG] py4...: ǀǀHTTP GET(http://localhost:1234/v1/networks/1433/tables/defaultnode/columns/shared%20name)
2020-11-03 10:07:55,882 [DEBUG] py4...: ǀǀOK[200], content: {"name":"shared name","values":["ADAM9","PIP4K2A","JAG1","SLC48A1","DYNC1I1","LARP6","ZNF536"]}
2020-11-03 10:07:55,882 [DEBUG] py4...: ǀǀReturning 'cyrest_get': {'name': 'shared name', 'values': ['ADAM9', 'PIP4K2A', 'JAG1', 'SLC48A1', 'DYNC1I1', 'LARP6', 'ZNF536']}
2020-11-03 10:07:55,883 [DEBUG] py4...: ǀǀCalling cyrest_get('networks/1433/tables/defaultnode/columns/id', base_url='http://localhost:1234/v1')
2020-11-03 10:07:55,883 [DEBUG] py4...: ǀǀHTTP GET(http://localhost:1234/v1/networks/1433/tables/defaultnode/columns/id)
2020-11-03 10:07:55,898 [DEBUG] py4...: ǀǀOK[200], content: {"name":"id","values":["ADAM9","PIP4K2A","JAG1","SLC48A1","DYNC1I1","LARP6","ZNF536"]}
2020-11-03 10:07:55,898 [DEBUG] py4...: ǀǀReturning 'cyrest_get': {'name': 'id', 'values': ['ADAM9', 'PIP4K2A', 'JAG1', 'SLC48A1', 'DYNC1I1', 'LARP6', 'ZNF536']}
2020-11-03 10:07:55,899 [DEBUG] py4...: ǀǀCalling cyrest_get('networks/1433/tables/defaultnode/columns/name', base_url='http://localhost:1234/v1')
2020-11-03 10:07:55,899 [DEBUG] py4...: ǀǀHTTP GET(http://localhost:1234/v1/networks/1433/tables/defaultnode/columns/name)
2020-11-03 10:07:55,914 [DEBUG] py4...: ǀǀOK[200], content: {"name":"name","values":["ADAM9","PIP4K2A","JAG1","SLC48A1","DYNC1I1","LARP6","ZNF536"]}
2020-11-03 10:07:55,914 [DEBUG] py4...: ǀǀReturning 'cyrest_get': {'name': 'name', 'values': ['ADAM9', 'PIP4K2A', 'JAG1', 'SLC48A1', 'DYNC1I1', 'LARP6', 'ZNF536']}
2020-11-03 10:07:55,915 [DEBUG] py4...: ǀǀCalling cyrest_get('networks/1433/tables/defaultnode/columns/selected', base_url='http://localhost:1234/v1')
2020-11-03 10:07:55,915 [DEBUG] py4...: ǀǀHTTP GET(http://localhost:1234/v1/networks/1433/tables/defaultnode/columns/selected)
2020-11-03 10:07:55,930 [DEBUG] py4...: ǀǀOK[200], content: {"name":"selected","values":[false,false,false,false,false,false,false]}
2020-11-03 10:07:55,931 [DEBUG] py4...: ǀǀReturning 'cyrest_get': {'name': 'selected', 'values': [False, False, False, False, False, False, False]}
2020-11-03 10:07:55,931 [DEBUG] py4...: ǀǀCalling cyrest_get('networks/1433/tables/defaultnode/columns/MCODE::Score (1)', base_url='http://localhost:1234/v1')
2020-11-03 10:07:55,932 [DEBUG] py4...: ǀǀHTTP GET(http://localhost:1234/v1/networks/1433/tables/defaultnode/columns/MCODE%3A%3AScore%20%281%29)
2020-11-03 10:07:55,950 [DEBUG] py4...: ǀǀOK[200], content: {"name":"MCODE::Score (1)","values":[2.7142857142857144,3.0,2.4000000000000004,3.0,3.0,3.0,3.0]}
2020-11-03 10:07:55,950 [DEBUG] py4...: ǀǀReturning 'cyrest_get': {'name': 'MCODE::Score (1)', 'values': [2.7142857142857144, 3.0, 2.4000000000000004, 3.0, 3.0, 3.0, 3.0]}
2020-11-03 10:07:55,951 [DEBUG] py4...: ǀǀCalling cyrest_get('networks/1433/tables/defaultnode/columns/MCODE::Node Status (1)', base_url='http://localhost:1234/v1')
2020-11-03 10:07:55,951 [DEBUG] py4...: ǀǀHTTP GET(http://localhost:1234/v1/networks/1433/tables/defaultnode/columns/MCODE%3A%3ANode%20Status%20%281%29)
2020-11-03 10:07:55,968 [DEBUG] py4...: ǀǀOK[200], content: {"name":"MCODE::Node Status (1)","values":["Clustered","Seed","Clustered","Clustered","Clustered","Clustered","Clustered"]}
2020-11-03 10:07:55,968 [DEBUG] py4...: ǀǀReturning 'cyrest_get': {'name': 'MCODE::Node Status (1)', 'values': ['Clustered', 'Seed', 'Clustered', 'Clustered', 'Clustered', 'Clustered', 'Clustered']}
2020-11-03 10:07:55,969 [DEBUG] py4...: ǀǀCalling cyrest_get('networks/1433/tables/defaultnode/columns/MCODE::Clusters (1)', base_url='http://localhost:1234/v1')
2020-11-03 10:07:55,969 [DEBUG] py4...: ǀǀHTTP GET(http://localhost:1234/v1/networks/1433/tables/defaultnode/columns/MCODE%3A%3AClusters%20%281%29)
2020-11-03 10:07:55,986 [DEBUG] py4...: ǀǀOK[200], content: {"name":"MCODE::Clusters (1)","values":[["Cluster 0"],["Cluster 0"],["Cluster 0"],["Cluster 0"],["Cluster 0"],["Cluster 0"],["Cluster 0"]]}
2020-11-03 10:07:55,986 [DEBUG] py4...: ǀǀReturning 'cyrest_get': {'name': 'MCODE::Clusters (1)', 'values': [['Cluster 0'], ['Cluster 0'], ['Cluster 0'], ['Cluster 0'], ['Cluster 0'], ['Cluster 0'], ['Cluster 0']]}
2020-11-03 10:07:56,009 [DEBUG] py4...: ǀReturning 'get_table_columns':     SUID shared name       id     name selected MCODE::Score (1) MCODE::Node Status (1) MCODE::Clusters (1)
267  267       ADAM9    ADAM9    ADAM9    False          2.71429              Clustered         [Cluster 0]
275  275     PIP4K2A  PIP4K2A  PIP4K2A    False                3                   Seed         [Cluster 0]
198  198        JAG1     JAG1     JAG1    False              2.4              Clustered         [Cluster 0]
208  208     SLC48A1  SLC48A1  SLC48A1    False                3              Clustered         [Cluster 0]
213  213     DYNC1I1  DYNC1I1  DYNC1I1    False                3              Clustered         [Cluster 0]
235  235       LARP6    LARP6    LARP6    False                3              Clustered         [Cluster 0]
246  246      ZNF536   ZNF536   ZNF536    False                3              Clustered         [Cluster 0]
2020-11-03 10:07:56,012 [DEBUG] py4...: ǀCalling export_image('uploads/cytoscape/network/e26cf55049fe416cb41fbdda47b9ea1e')
2020-11-03 10:07:56,012 [DEBUG] py4...: ǀǀCalling get_network_view_suid(None, base_url='http://localhost:1234/v1')
2020-11-03 10:07:56,012 [DEBUG] py4...: ǀǀǀCalling get_network_views(None, base_url='http://localhost:1234/v1')
2020-11-03 10:07:56,012 [DEBUG] py4...: ǀǀǀǀCalling get_network_suid(None, base_url='http://localhost:1234/v1')
2020-11-03 10:07:56,012 [DEBUG] py4...: ǀǀǀǀǀCalling commands_post('network get attribute network="current" namespace="default" columnList="SUID"', base_url='http://localhost:1234/v1')
2020-11-03 10:07:56,012 [DEBUG] py4...: ǀǀǀǀǀHTTP POST(http://localhost:1234/v1/commands/network/get%20attribute), json: {'network': 'current', 'namespace': 'default', 'columnList': 'SUID'}
2020-11-03 10:07:56,031 [DEBUG] py4...: ǀǀǀǀǀOK[200], content: {
 "data": [ {
  "SUID": 1433
}
],
 "errors":[]
}
2020-11-03 10:07:56,031 [DEBUG] py4...: ǀǀǀǀǀReturning 'commands_post': [{'SUID': 1433}]
2020-11-03 10:07:56,031 [DEBUG] py4...: ǀǀǀǀReturning 'get_network_suid': 1433
2020-11-03 10:07:56,031 [DEBUG] py4...: ǀǀǀǀCalling cyrest_get('networks/1433/views', base_url='http://localhost:1234/v1')
2020-11-03 10:07:56,031 [DEBUG] py4...: ǀǀǀǀHTTP GET(http://localhost:1234/v1/networks/1433/views)
2020-11-03 10:07:56,045 [DEBUG] py4...: ǀǀǀǀOK[200], content: [1443]
2020-11-03 10:07:56,045 [DEBUG] py4...: ǀǀǀǀReturning 'cyrest_get': [1443]
2020-11-03 10:07:56,046 [DEBUG] py4...: ǀǀǀReturning 'get_network_views': [1443]
2020-11-03 10:07:56,046 [DEBUG] py4...: ǀǀReturning 'get_network_view_suid': 1443
2020-11-03 10:07:56,046 [DEBUG] py4...: ǀǀCalling commands_post('view export OutputFile="C:\\Users\\yd\\projects\\differential-coexpression-network-analysis\\uploads\\cytoscape\\network\\e26cf55049fe416cb41fbdda47b9ea1e.png" options="PNG" view="SUID:1443"', base_url='http://localhost:1234/v1')
2020-11-03 10:07:56,046 [DEBUG] py4...: ǀǀHTTP POST(http://localhost:1234/v1/commands/view/export), json: {'OutputFile': 'C:\\Users\\yd\\projects\\differential-coexpression-network-analysis\\uploads\\cytoscape\\network\\e26cf55049fe416cb41fbdda47b9ea1e.png', 'options': 'PNG', 'view': 'SUID:1443'}
2020-11-03 10:07:56,134 [DEBUG] py4...: ǀǀOK[200], content: {
 "data": {"file":"C:\\Users\\yd\\projects\\differential-coexpression-network-analysis\\uploads\\cytoscape\\network\\e26cf55049fe416cb41fbdda47b9ea1e.png"},
 "errors":[]
}
2020-11-03 10:07:56,135 [DEBUG] py4...: ǀǀReturning 'commands_post': {'file': 'C:\\Users\\yd\\projects\\differential-coexpression-network-analysis\\uploads\\cytoscape\\network\\e26cf55049fe416cb41fbdda47b9ea1e.png'}
2020-11-03 10:07:56,135 [DEBUG] py4...: ǀReturning 'export_image': {'file': 'C:\\Users\\yd\\projects\\differential-coexpression-network-analysis\\uploads\\cytoscape\\network\\e26cf55049fe416cb41fbdda47b9ea1e.png'}
2020-11-03 10:07:56,135 [DEBUG] py4...: ǀCalling close_session(False)
2020-11-03 10:07:56,136 [DEBUG] py4...: ǀǀCalling commands_post('session new', base_url='http://localhost:1234/v1')
2020-11-03 10:07:56,136 [DEBUG] py4...: ǀǀHTTP POST(http://localhost:1234/v1/commands/session/new), json: {}
2020-11-03 10:07:56,644 [DEBUG] py4...: ǀǀOK[200], content: {
 "data": {},
 "errors":[]
}
2020-11-03 10:07:56,644 [DEBUG] py4...: ǀǀReturning 'commands_post': {}
2020-11-03 10:07:56,644 [DEBUG] py4...: ǀReturning 'close_session': {}
